nohup: ignoring input
2025-11-07 21:26:36,552 - httpx - INFO - HTTP Request: POST https://api.telegram.org/bot8270065702:AAGPoMDkSO9n83zZrKt8Z9Tfk5E9fOx73y8/getMe "HTTP/1.1 200 OK"
2025-11-07 21:26:36,604 - httpx - INFO - HTTP Request: POST https://api.telegram.org/bot8270065702:AAGPoMDkSO9n83zZrKt8Z9Tfk5E9fOx73y8/deleteWebhook "HTTP/1.1 200 OK"
2025-11-07 21:26:36,606 - telegram.ext.Application - INFO - Application started
2025-11-07 21:26:41,947 - httpx - INFO - HTTP Request: POST https://api.telegram.org/bot8270065702:AAGPoMDkSO9n83zZrKt8Z9Tfk5E9fOx73y8/getUpdates "HTTP/1.1 409 Conflict"
2025-11-07 21:26:41,948 - telegram.ext.Application - ERROR - No error handlers are registered, logging exception.
Traceback (most recent call last):
  File "/home/deploy/pediatric-crm/venv/lib/python3.10/site-packages/telegram/ext/_utils/networkloop.py", line 134, in network_retry_loop
    await do_action()
  File "/home/deploy/pediatric-crm/venv/lib/python3.10/site-packages/telegram/ext/_utils/networkloop.py", line 127, in do_action
    action_cb_task.result()
  File "/home/deploy/pediatric-crm/venv/lib/python3.10/site-packages/telegram/ext/_updater.py", line 340, in polling_action_cb
    updates = await self.bot.get_updates(
  File "/home/deploy/pediatric-crm/venv/lib/python3.10/site-packages/telegram/ext/_extbot.py", line 676, in get_updates
    updates = await super().get_updates(
  File "/home/deploy/pediatric-crm/venv/lib/python3.10/site-packages/telegram/_bot.py", line 4780, in get_updates
    await self._post(
  File "/home/deploy/pediatric-crm/venv/lib/python3.10/site-packages/telegram/_bot.py", line 703, in _post
    return await self._do_post(
  File "/home/deploy/pediatric-crm/venv/lib/python3.10/site-packages/telegram/ext/_extbot.py", line 372, in _do_post
    return await super()._do_post(
  File "/home/deploy/pediatric-crm/venv/lib/python3.10/site-packages/telegram/_bot.py", line 732, in _do_post
    result = await request.post(
  File "/home/deploy/pediatric-crm/venv/lib/python3.10/site-packages/telegram/request/_baserequest.py", line 198, in post
    result = await self._request_wrapper(
  File "/home/deploy/pediatric-crm/venv/lib/python3.10/site-packages/telegram/request/_baserequest.py", line 375, in _request_wrapper
    raise exception
telegram.error.Conflict: Conflict: terminated by other getUpdates request; make sure that only one bot instance is running
2025-11-07 21:26:47,550 - httpx - INFO - HTTP Request: POST https://api.telegram.org/bot8270065702:AAGPoMDkSO9n83zZrKt8Z9Tfk5E9fOx73y8/getUpdates "HTTP/1.1 409 Conflict"
2025-11-07 21:26:47,551 - telegram.ext.Application - ERROR - No error handlers are registered, logging exception.
Traceback (most recent call last):
  File "/home/deploy/pediatric-crm/venv/lib/python3.10/site-packages/telegram/ext/_utils/networkloop.py", line 134, in network_retry_loop
    await do_action()
  File "/home/deploy/pediatric-crm/venv/lib/python3.10/site-packages/telegram/ext/_utils/networkloop.py", line 127, in do_action
    action_cb_task.result()
  File "/home/deploy/pediatric-crm/venv/lib/python3.10/site-packages/telegram/ext/_updater.py", line 340, in polling_action_cb
    updates = await self.bot.get_updates(
  File "/home/deploy/pediatric-crm/venv/lib/python3.10/site-packages/telegram/ext/_extbot.py", line 676, in get_updates
    updates = await super().get_updates(
  File "/home/deploy/pediatric-crm/venv/lib/python3.10/site-packages/telegram/_bot.py", line 4780, in get_updates
    await self._post(
  File "/home/deploy/pediatric-crm/venv/lib/python3.10/site-packages/telegram/_bot.py", line 703, in _post
    return await self._do_post(
  File "/home/deploy/pediatric-crm/venv/lib/python3.10/site-packages/telegram/ext/_extbot.py", line 372, in _do_post
    return await super()._do_post(
  File "/home/deploy/pediatric-crm/venv/lib/python3.10/site-packages/telegram/_bot.py", line 732, in _do_post
    result = await request.post(
  File "/home/deploy/pediatric-crm/venv/lib/python3.10/site-packages/telegram/request/_baserequest.py", line 198, in post
    result = await self._request_wrapper(
  File "/home/deploy/pediatric-crm/venv/lib/python3.10/site-packages/telegram/request/_baserequest.py", line 375, in _request_wrapper
    raise exception
telegram.error.Conflict: Conflict: terminated by other getUpdates request; make sure that only one bot instance is running
2025-11-07 21:26:54,403 - httpx - INFO - HTTP Request: POST https://api.telegram.org/bot8270065702:AAGPoMDkSO9n83zZrKt8Z9Tfk5E9fOx73y8/getUpdates "HTTP/1.1 409 Conflict"
2025-11-07 21:26:54,404 - telegram.ext.Application - ERROR - No error handlers are registered, logging exception.
Traceback (most recent call last):
  File "/home/deploy/pediatric-crm/venv/lib/python3.10/site-packages/telegram/ext/_utils/networkloop.py", line 134, in network_retry_loop
    await do_action()
  File "/home/deploy/pediatric-crm/venv/lib/python3.10/site-packages/telegram/ext/_utils/networkloop.py", line 127, in do_action
    action_cb_task.result()
  File "/home/deploy/pediatric-crm/venv/lib/python3.10/site-packages/telegram/ext/_updater.py", line 340, in polling_action_cb
    updates = await self.bot.get_updates(
  File "/home/deploy/pediatric-crm/venv/lib/python3.10/site-packages/telegram/ext/_extbot.py", line 676, in get_updates
    updates = await super().get_updates(
  File "/home/deploy/pediatric-crm/venv/lib/python3.10/site-packages/telegram/_bot.py", line 4780, in get_updates
    await self._post(
  File "/home/deploy/pediatric-crm/venv/lib/python3.10/site-packages/telegram/_bot.py", line 703, in _post
    return await self._do_post(
  File "/home/deploy/pediatric-crm/venv/lib/python3.10/site-packages/telegram/ext/_extbot.py", line 372, in _do_post
    return await super()._do_post(
  File "/home/deploy/pediatric-crm/venv/lib/python3.10/site-packages/telegram/_bot.py", line 732, in _do_post
    result = await request.post(
  File "/home/deploy/pediatric-crm/venv/lib/python3.10/site-packages/telegram/request/_baserequest.py", line 198, in post
    result = await self._request_wrapper(
  File "/home/deploy/pediatric-crm/venv/lib/python3.10/site-packages/telegram/request/_baserequest.py", line 375, in _request_wrapper
    raise exception
telegram.error.Conflict: Conflict: terminated by other getUpdates request; make sure that only one bot instance is running
2025-11-07 21:27:00,759 - httpx - INFO - HTTP Request: POST https://api.telegram.org/bot8270065702:AAGPoMDkSO9n83zZrKt8Z9Tfk5E9fOx73y8/getUpdates "HTTP/1.1 409 Conflict"
2025-11-07 21:27:00,760 - telegram.ext.Application - ERROR - No error handlers are registered, logging exception.
Traceback (most recent call last):
  File "/home/deploy/pediatric-crm/venv/lib/python3.10/site-packages/telegram/ext/_utils/networkloop.py", line 134, in network_retry_loop
    await do_action()
  File "/home/deploy/pediatric-crm/venv/lib/python3.10/site-packages/telegram/ext/_utils/networkloop.py", line 127, in do_action
    action_cb_task.result()
  File "/home/deploy/pediatric-crm/venv/lib/python3.10/site-packages/telegram/ext/_updater.py", line 340, in polling_action_cb
    updates = await self.bot.get_updates(
  File "/home/deploy/pediatric-crm/venv/lib/python3.10/site-packages/telegram/ext/_extbot.py", line 676, in get_updates
    updates = await super().get_updates(
  File "/home/deploy/pediatric-crm/venv/lib/python3.10/site-packages/telegram/_bot.py", line 4780, in get_updates
    await self._post(
  File "/home/deploy/pediatric-crm/venv/lib/python3.10/site-packages/telegram/_bot.py", line 703, in _post
    return await self._do_post(
  File "/home/deploy/pediatric-crm/venv/lib/python3.10/site-packages/telegram/ext/_extbot.py", line 372, in _do_post
    return await super()._do_post(
  File "/home/deploy/pediatric-crm/venv/lib/python3.10/site-packages/telegram/_bot.py", line 732, in _do_post
    result = await request.post(
  File "/home/deploy/pediatric-crm/venv/lib/python3.10/site-packages/telegram/request/_baserequest.py", line 198, in post
    result = await self._request_wrapper(
  File "/home/deploy/pediatric-crm/venv/lib/python3.10/site-packages/telegram/request/_baserequest.py", line 375, in _request_wrapper
    raise exception
telegram.error.Conflict: Conflict: terminated by other getUpdates request; make sure that only one bot instance is running
2025-11-07 21:27:08,241 - httpx - INFO - HTTP Request: POST https://api.telegram.org/bot8270065702:AAGPoMDkSO9n83zZrKt8Z9Tfk5E9fOx73y8/getUpdates "HTTP/1.1 409 Conflict"
2025-11-07 21:27:08,242 - telegram.ext.Application - ERROR - No error handlers are registered, logging exception.
Traceback (most recent call last):
  File "/home/deploy/pediatric-crm/venv/lib/python3.10/site-packages/telegram/ext/_utils/networkloop.py", line 134, in network_retry_loop
    await do_action()
  File "/home/deploy/pediatric-crm/venv/lib/python3.10/site-packages/telegram/ext/_utils/networkloop.py", line 127, in do_action
    action_cb_task.result()
  File "/home/deploy/pediatric-crm/venv/lib/python3.10/site-packages/telegram/ext/_updater.py", line 340, in polling_action_cb
    updates = await self.bot.get_updates(
  File "/home/deploy/pediatric-crm/venv/lib/python3.10/site-packages/telegram/ext/_extbot.py", line 676, in get_updates
    updates = await super().get_updates(
  File "/home/deploy/pediatric-crm/venv/lib/python3.10/site-packages/telegram/_bot.py", line 4780, in get_updates
    await self._post(
  File "/home/deploy/pediatric-crm/venv/lib/python3.10/site-packages/telegram/_bot.py", line 703, in _post
    return await self._do_post(
  File "/home/deploy/pediatric-crm/venv/lib/python3.10/site-packages/telegram/ext/_extbot.py", line 372, in _do_post
    return await super()._do_post(
  File "/home/deploy/pediatric-crm/venv/lib/python3.10/site-packages/telegram/_bot.py", line 732, in _do_post
    result = await request.post(
  File "/home/deploy/pediatric-crm/venv/lib/python3.10/site-packages/telegram/request/_baserequest.py", line 198, in post
    result = await self._request_wrapper(
  File "/home/deploy/pediatric-crm/venv/lib/python3.10/site-packages/telegram/request/_baserequest.py", line 375, in _request_wrapper
    raise exception
telegram.error.Conflict: Conflict: terminated by other getUpdates request; make sure that only one bot instance is running
2025-11-07 21:27:18,032 - httpx - INFO - HTTP Request: POST https://api.telegram.org/bot8270065702:AAGPoMDkSO9n83zZrKt8Z9Tfk5E9fOx73y8/getUpdates "HTTP/1.1 409 Conflict"
2025-11-07 21:27:18,033 - telegram.ext.Application - ERROR - No error handlers are registered, logging exception.
Traceback (most recent call last):
  File "/home/deploy/pediatric-crm/venv/lib/python3.10/site-packages/telegram/ext/_utils/networkloop.py", line 134, in network_retry_loop
    await do_action()
  File "/home/deploy/pediatric-crm/venv/lib/python3.10/site-packages/telegram/ext/_utils/networkloop.py", line 127, in do_action
    action_cb_task.result()
  File "/home/deploy/pediatric-crm/venv/lib/python3.10/site-packages/telegram/ext/_updater.py", line 340, in polling_action_cb
    updates = await self.bot.get_updates(
  File "/home/deploy/pediatric-crm/venv/lib/python3.10/site-packages/telegram/ext/_extbot.py", line 676, in get_updates
    updates = await super().get_updates(
  File "/home/deploy/pediatric-crm/venv/lib/python3.10/site-packages/telegram/_bot.py", line 4780, in get_updates
    await self._post(
  File "/home/deploy/pediatric-crm/venv/lib/python3.10/site-packages/telegram/_bot.py", line 703, in _post
    return await self._do_post(
  File "/home/deploy/pediatric-crm/venv/lib/python3.10/site-packages/telegram/ext/_extbot.py", line 372, in _do_post
    return await super()._do_post(
  File "/home/deploy/pediatric-crm/venv/lib/python3.10/site-packages/telegram/_bot.py", line 732, in _do_post
    result = await request.post(
  File "/home/deploy/pediatric-crm/venv/lib/python3.10/site-packages/telegram/request/_baserequest.py", line 198, in post
    result = await self._request_wrapper(
  File "/home/deploy/pediatric-crm/venv/lib/python3.10/site-packages/telegram/request/_baserequest.py", line 375, in _request_wrapper
    raise exception
telegram.error.Conflict: Conflict: terminated by other getUpdates request; make sure that only one bot instance is running
2025-11-07 21:27:29,866 - httpx - INFO - HTTP Request: POST https://api.telegram.org/bot8270065702:AAGPoMDkSO9n83zZrKt8Z9Tfk5E9fOx73y8/getUpdates "HTTP/1.1 409 Conflict"
2025-11-07 21:27:29,867 - telegram.ext.Application - ERROR - No error handlers are registered, logging exception.
Traceback (most recent call last):
  File "/home/deploy/pediatric-crm/venv/lib/python3.10/site-packages/telegram/ext/_utils/networkloop.py", line 134, in network_retry_loop
    await do_action()
  File "/home/deploy/pediatric-crm/venv/lib/python3.10/site-packages/telegram/ext/_utils/networkloop.py", line 127, in do_action
    action_cb_task.result()
  File "/home/deploy/pediatric-crm/venv/lib/python3.10/site-packages/telegram/ext/_updater.py", line 340, in polling_action_cb
    updates = await self.bot.get_updates(
  File "/home/deploy/pediatric-crm/venv/lib/python3.10/site-packages/telegram/ext/_extbot.py", line 676, in get_updates
    updates = await super().get_updates(
  File "/home/deploy/pediatric-crm/venv/lib/python3.10/site-packages/telegram/_bot.py", line 4780, in get_updates
    await self._post(
  File "/home/deploy/pediatric-crm/venv/lib/python3.10/site-packages/telegram/_bot.py", line 703, in _post
    return await self._do_post(
  File "/home/deploy/pediatric-crm/venv/lib/python3.10/site-packages/telegram/ext/_extbot.py", line 372, in _do_post
    return await super()._do_post(
  File "/home/deploy/pediatric-crm/venv/lib/python3.10/site-packages/telegram/_bot.py", line 732, in _do_post
    result = await request.post(
  File "/home/deploy/pediatric-crm/venv/lib/python3.10/site-packages/telegram/request/_baserequest.py", line 198, in post
    result = await self._request_wrapper(
  File "/home/deploy/pediatric-crm/venv/lib/python3.10/site-packages/telegram/request/_baserequest.py", line 375, in _request_wrapper
    raise exception
telegram.error.Conflict: Conflict: terminated by other getUpdates request; make sure that only one bot instance is running
2025-11-07 21:27:41,412 - httpx - INFO - HTTP Request: POST https://api.telegram.org/bot8270065702:AAGPoMDkSO9n83zZrKt8Z9Tfk5E9fOx73y8/getUpdates "HTTP/1.1 200 OK"
2025-11-07 21:27:41,413 - telegram.ext.Application - INFO - Application is stopping. This might take a moment.
2025-11-07 21:27:41,413 - telegram.ext.Application - INFO - Application.stop() complete
🚀 Запуск Telegram бота...
📁 Рабочая директория: /home/deploy/pediatric-crm
🔑 Токен: 8270065702...
🤖 Бот успешно инициализирован!
📞 Бот готов к работе
⏹️  Для остановки нажмите Ctrl+C
10/site-packages/telegram/_bot.py", line 703, in _post
    return await self._do_post(
  File "/home/deploy/pediatric-crm/venv/lib/python3.10/site-packages/telegram/ext/_extbot.py", line 372, in _do_post
    return await super()._do_post(
  File "/home/deploy/pediatric-crm/venv/lib/python3.10/site-packages/telegram/_bot.py", line 732, in _do_post
    result = await request.post(
  File "/home/deploy/pediatric-crm/venv/lib/python3.10/site-packages/telegram/request/_baserequest.py", line 198, in post
    result = await self._request_wrapper(
  File "/home/deploy/pediatric-crm/venv/lib/python3.10/site-packages/telegram/request/_baserequest.py", line 375, in _request_wrapper
    raise exception
telegram.error.Conflict: Conflict: terminated by other getUpdates request; make sure that only one bot instance is running
2025-11-07 21:27:28,136 - httpx - INFO - HTTP Request: POST https://api.telegram.org/bot8270065702:AAGPoMDkSO9n83zZrKt8Z9Tfk5E9fOx73y8/getUpdates "HTTP/1.1 200 OK"
2025-11-07 21:27:28,428 - httpx - INFO - HTTP Request: POST https://api.telegram.org/bot8270065702:AAGPoMDkSO9n83zZrKt8Z9Tfk5E9fOx73y8/sendMessage "HTTP/1.1 200 OK"
2025-11-07 21:27:32,158 - httpx - INFO - HTTP Request: POST https://api.telegram.org/bot8270065702:AAGPoMDkSO9n83zZrKt8Z9Tfk5E9fOx73y8/getUpdates "HTTP/1.1 200 OK"
2025-11-07 21:27:32,159 - telegram.ext.Application - INFO - Application is stopping. This might take a moment.
2025-11-07 21:27:32,159 - telegram.ext.Application - INFO - Application.stop() complete
🚀 Запуск Telegram бота...
📁 Рабочая директория: /home/deploy/pediatric-crm
🔑 Токен: 8270065702...
🤖 Бот успешно инициализирован!
📞 Бот готов к работе
⏹️  Для остановки нажмите Ctrl+C
