2025-11-07 21:27:57,574 - httpx - INFO - HTTP Request: POST https://api.telegram.org/bot8270065702:AAGPoMDkSO9n83zZrKt8Z9Tfk5E9fOx73y8/getMe "HTTP/1.1 200 OK"
2025-11-07 21:27:57,626 - httpx - INFO - HTTP Request: POST https://api.telegram.org/bot8270065702:AAGPoMDkSO9n83zZrKt8Z9Tfk5E9fOx73y8/deleteWebhook "HTTP/1.1 200 OK"
2025-11-07 21:27:57,627 - telegram.ext.Application - INFO - Application started
2025-11-07 21:27:57,803 - httpx - INFO - HTTP Request: POST https://api.telegram.org/bot8270065702:AAGPoMDkSO9n83zZrKt8Z9Tfk5E9fOx73y8/getUpdates "HTTP/1.1 200 OK"
2025-11-07 21:27:57,878 - httpx - INFO - HTTP Request: POST https://api.telegram.org/bot8270065702:AAGPoMDkSO9n83zZrKt8Z9Tfk5E9fOx73y8/sendMessage "HTTP/1.1 200 OK"
2025-11-07 21:28:00,346 - httpx - INFO - HTTP Request: POST https://api.telegram.org/bot8270065702:AAGPoMDkSO9n83zZrKt8Z9Tfk5E9fOx73y8/getUpdates "HTTP/1.1 200 OK"
2025-11-07 21:28:00,420 - httpx - INFO - HTTP Request: POST https://api.telegram.org/bot8270065702:AAGPoMDkSO9n83zZrKt8Z9Tfk5E9fOx73y8/sendMessage "HTTP/1.1 200 OK"
2025-11-07 21:28:10,401 - httpx - INFO - HTTP Request: POST https://api.telegram.org/bot8270065702:AAGPoMDkSO9n83zZrKt8Z9Tfk5E9fOx73y8/getUpdates "HTTP/1.1 200 OK"
2025-11-07 21:28:20,454 - httpx - INFO - HTTP Request: POST https://api.telegram.org/bot8270065702:AAGPoMDkSO9n83zZrKt8Z9Tfk5E9fOx73y8/getUpdates "HTTP/1.1 200 OK"
2025-11-07 21:28:30,507 - httpx - INFO - HTTP Request: POST https://api.telegram.org/bot8270065702:AAGPoMDkSO9n83zZrKt8Z9Tfk5E9fOx73y8/getUpdates "HTTP/1.1 200 OK"
2025-11-07 21:28:40,559 - httpx - INFO - HTTP Request: POST https://api.telegram.org/bot8270065702:AAGPoMDkSO9n83zZrKt8Z9Tfk5E9fOx73y8/getUpdates "HTTP/1.1 200 OK"
2025-11-07 21:28:50,611 - httpx - INFO - HTTP Request: POST https://api.telegram.org/bot8270065702:AAGPoMDkSO9n83zZrKt8Z9Tfk5E9fOx73y8/getUpdates "HTTP/1.1 200 OK"
2025-11-07 21:29:00,663 - httpx - INFO - HTTP Request: POST https://api.telegram.org/bot8270065702:AAGPoMDkSO9n83zZrKt8Z9Tfk5E9fOx73y8/getUpdates "HTTP/1.1 200 OK"
2025-11-07 21:29:10,717 - httpx - INFO - HTTP Request: POST https://api.telegram.org/bot8270065702:AAGPoMDkSO9n83zZrKt8Z9Tfk5E9fOx73y8/getUpdates "HTTP/1.1 200 OK"
2025-11-07 21:29:20,770 - httpx - INFO - HTTP Request: POST https://api.telegram.org/bot8270065702:AAGPoMDkSO9n83zZrKt8Z9Tfk5E9fOx73y8/getUpdates "HTTP/1.1 200 OK"
2025-11-07 21:29:30,822 - httpx - INFO - HTTP Request: POST https://api.telegram.org/bot8270065702:AAGPoMDkSO9n83zZrKt8Z9Tfk5E9fOx73y8/getUpdates "HTTP/1.1 200 OK"
2025-11-07 21:29:40,877 - httpx - INFO - HTTP Request: POST https://api.telegram.org/bot8270065702:AAGPoMDkSO9n83zZrKt8Z9Tfk5E9fOx73y8/getUpdates "HTTP/1.1 200 OK"
2025-11-07 21:29:50,932 - httpx - INFO - HTTP Request: POST https://api.telegram.org/bot8270065702:AAGPoMDkSO9n83zZrKt8Z9Tfk5E9fOx73y8/getUpdates "HTTP/1.1 200 OK"
2025-11-07 21:29:58,843 - httpx - INFO - HTTP Request: POST https://api.telegram.org/bot8270065702:AAGPoMDkSO9n83zZrKt8Z9Tfk5E9fOx73y8/getUpdates "HTTP/1.1 200 OK"
2025-11-07 21:29:58,844 - telegram.ext.Application - INFO - Application is stopping. This might take a moment.
2025-11-07 21:29:58,844 - telegram.ext.Application - INFO - Application.stop() complete
🚀 Запуск Telegram бота...
📁 Рабочая директория: /home/deploy/pediatric-crm
🔑 Токен: 8270065702...
🤖 Бот успешно инициализирован!
📞 Бот готов к работе
⏹️  Для остановки нажмите Ctrl+C
🚀 Запуск Telegram бота...
📁 Рабочая директория: /home/deploy/pediatric-crm
🔑 Токен: 8270065702...
🌐 API URL: https://doc-popov.ru
❌ Ошибка импорта: No module named 'aiohttp'
Установите зависимости: pip install python-telegram-bot python-dotenv sqlalchemy psycopg2-binary aiohttp
